[debug] [2024-01-26T15:03:04.964Z] ----------------------------------------------------------------------
[debug] [2024-01-26T15:03:04.968Z] Command:       C:\Program Files\nodejs\node.exe C:\Users\MiNe\AppData\Roaming\npm\node_modules\firebase-tools\lib\bin\firebase.js init hosting
[debug] [2024-01-26T15:03:04.968Z] CLI Version:   13.1.0
[debug] [2024-01-26T15:03:04.968Z] Platform:      win32
[debug] [2024-01-26T15:03:04.969Z] Node Version:  v21.6.1
[debug] [2024-01-26T15:03:04.969Z] Time:          Fri Jan 26 2024 20:33:04 GMT+0530 (India Standard Time)
[debug] [2024-01-26T15:03:04.969Z] ----------------------------------------------------------------------
[debug] 
[debug] [2024-01-26T15:03:04.988Z] > command requires scopes: ["email","openid","https://www.googleapis.com/auth/cloudplatformprojects.readonly","https://www.googleapis.com/auth/firebase","https://www.googleapis.com/auth/cloud-platform"]
[debug] [2024-01-26T15:03:04.989Z] > authorizing via signed-in user (malirahul8726@gmail.com)
[info] 
     ######## #### ########  ######## ########     ###     ######  ########
     ##        ##  ##     ## ##       ##     ##  ##   ##  ##       ##
     ######    ##  ########  ######   ########  #########  ######  ######
     ##        ##  ##    ##  ##       ##     ## ##     ##       ## ##
     ##       #### ##     ## ######## ########  ##     ##  ######  ########

You're about to initialize a Firebase project in this directory:

  D:\Complete Web Dovelopment Bootcamp\gympage

[info] 
=== Project Setup
[info] 
[info] First, let's associate this project directory with a Firebase project.
[info] You can create multiple project aliases by running firebase use --add, 
[info] but for now we'll just set up a default project.
[info] 
[debug] [2024-01-26T15:03:11.463Z] >>> [apiv2][query] GET https://firebase.googleapis.com/v1beta1/projects pageSize=100
[debug] [2024-01-26T15:03:12.442Z] <<< [apiv2][status] GET https://firebase.googleapis.com/v1beta1/projects 200
[debug] [2024-01-26T15:03:12.442Z] <<< [apiv2][body] GET https://firebase.googleapis.com/v1beta1/projects [omitted]
